2025-09-18 11:16:55 - DynamicMesseStand - INFO - 🚀 Dynamic Messe Stand V4 wird gestartet...
2025-09-18 11:16:55 - DynamicMesseStand - INFO - Python Version: 3.12.3 (main, Aug 14 2025, 17:47:21) [GCC 13.3.0]
2025-09-18 11:16:55 - DynamicMesseStand - INFO - Arbeitsverzeichnis: /home/messe_pc/Downloads/messe_stand_V11-main
2025-09-18 11:16:55 - DynamicMesseStand - INFO - 🔌 Hardware-Setup wird gestartet...
2025-09-18 11:16:55 - DynamicMesseStand - ERROR - Fehler beim Verbinden mit ESP32-1: [Errno 2] could not open port /dev/ttyUSB0: [Errno 2] No such file or directory: '/dev/ttyUSB0'
2025-09-18 11:16:55 - DynamicMesseStand - ERROR - Fehler beim Verbinden mit ESP32-2: [Errno 2] could not open port /dev/ttyUSB1: [Errno 2] No such file or directory: '/dev/ttyUSB1'
2025-09-18 11:16:55 - DynamicMesseStand - ERROR - Fehler beim Verbinden mit ESP32-3: [Errno 2] could not open port /dev/ttyUSB2: [Errno 2] No such file or directory: '/dev/ttyUSB2'
2025-09-18 11:16:55 - DynamicMesseStand - ERROR - Fehler beim Verbinden mit Arduino GIGA: [Errno 2] could not open port /dev/ttyACM0: [Errno 2] No such file or directory: '/dev/ttyACM0'
2025-09-18 11:16:55 - DynamicMesseStand - INFO - esp32_1: ❌ Fehler
2025-09-18 11:16:55 - DynamicMesseStand - INFO - esp32_2: ❌ Fehler
2025-09-18 11:16:55 - DynamicMesseStand - INFO - esp32_3: ❌ Fehler
2025-09-18 11:16:55 - DynamicMesseStand - INFO - giga: ❌ Fehler
2025-09-18 11:16:55 - DynamicMesseStand - WARNING - ⚠️ Keine Hardware-Verbindungen erfolgreich - Anwendung startet trotzdem
2025-09-18 11:16:55 - DynamicMesseStand - INFO - 🖥️ GUI wird initialisiert...
2025-09-18 11:16:55 - DynamicMesseStand - INFO - 🚀 Starte Dynamic Messe Stand V4...
2025-09-18 11:21:49 - DynamicMesseStand - INFO - 🚀 Dynamic Messe Stand V4 wird gestartet...
2025-09-18 11:21:49 - DynamicMesseStand - INFO - Python Version: 3.12.3 (main, Aug 14 2025, 17:47:21) [GCC 13.3.0]
2025-09-18 11:21:49 - DynamicMesseStand - INFO - Arbeitsverzeichnis: /home/messe_pc/Downloads/messe_stand_V11-main
2025-09-18 11:21:49 - DynamicMesseStand - INFO - 🔌 Hardware-Setup wird gestartet...
2025-09-18 11:21:49 - DynamicMesseStand - ERROR - Fehler beim Verbinden mit ESP32-1: [Errno 2] could not open port /dev/ttyUSB0: [Errno 2] No such file or directory: '/dev/ttyUSB0'
2025-09-18 11:21:49 - DynamicMesseStand - ERROR - Fehler beim Verbinden mit ESP32-2: [Errno 2] could not open port /dev/ttyUSB1: [Errno 2] No such file or directory: '/dev/ttyUSB1'
2025-09-18 11:21:49 - DynamicMesseStand - ERROR - Fehler beim Verbinden mit ESP32-3: [Errno 2] could not open port /dev/ttyUSB2: [Errno 2] No such file or directory: '/dev/ttyUSB2'
2025-09-18 11:21:49 - DynamicMesseStand - ERROR - Fehler beim Verbinden mit Arduino GIGA: [Errno 2] could not open port /dev/ttyACM0: [Errno 2] No such file or directory: '/dev/ttyACM0'
2025-09-18 11:21:49 - DynamicMesseStand - INFO - esp32_1: ❌ Fehler
2025-09-18 11:21:49 - DynamicMesseStand - INFO - esp32_2: ❌ Fehler
2025-09-18 11:21:49 - DynamicMesseStand - INFO - esp32_3: ❌ Fehler
2025-09-18 11:21:49 - DynamicMesseStand - INFO - giga: ❌ Fehler
2025-09-18 11:21:49 - DynamicMesseStand - WARNING - ⚠️ Keine Hardware-Verbindungen erfolgreich - Anwendung startet trotzdem
2025-09-18 11:21:49 - DynamicMesseStand - INFO - 🖥️ GUI wird initialisiert...
2025-09-18 11:21:49 - DynamicMesseStand - INFO - 🚀 Starte Dynamic Messe Stand V4...
2025-09-18 11:21:49 - DynamicMesseStand - INFO - Primärer Monitor: 1920x1200 bei (0, 0)
2025-09-18 11:21:49 - DynamicMesseStand - INFO - Hauptmonitor erkannt: 1920x1200 bei (0, 0)
2025-09-18 11:21:49 - DynamicMesseStand - INFO - ✅ Bertrandt Layout-Struktur erstellt
2025-09-18 11:21:49 - DynamicMesseStand - INFO - ✅ Dynamic Messe Stand V4 erfolgreich initialisiert!
2025-09-18 11:21:49 - DynamicMesseStand - INFO - ✅ Dynamic Messe Stand V4 erfolgreich gestartet!
2025-09-18 11:21:49 - DynamicMesseStand - INFO - 💡 Drücke F11 für Vollbild, ESC zum Verlassen
2025-09-18 11:21:49 - DynamicMesseStand - INFO - GUI-Hauptschleife gestartet
2025-09-18 11:21:51 - DynamicMesseStand - INFO - Successfully saved slide 1: Demo-Folie 1...
2025-09-18 11:21:52 - DynamicMesseStand - INFO - Successfully saved slide 1: Demo-Folie 1...
2025-09-18 11:22:02 - DynamicMesseStand - INFO - Successfully saved slide 1: Demo-Folie 1...
2025-09-18 11:22:05 - DynamicMesseStand - INFO - Successfully saved slide 1: Demo-Folie 1...
2025-09-18 11:22:08 - DynamicMesseStand - INFO - Successfully saved slide 1: Demo-Folie 1...
2025-09-18 11:22:08 - DynamicMesseStand - INFO - Image added to slide: Bertrandt_logo_gelb.png
2025-09-18 11:22:11 - DynamicMesseStand - INFO - Successfully saved slide 1: Demo-Folie 1...
2025-09-18 11:22:14 - DynamicMesseStand - INFO - Successfully saved slide 1: Demo-Folie 1...
2025-09-18 11:22:16 - DynamicMesseStand - INFO - Successfully saved slide 1: Demo-Folie 1...
2025-09-18 11:22:17 - DynamicMesseStand - INFO - Successfully saved slide 1: Demo-Folie 1...
2025-09-18 11:22:18 - DynamicMesseStand - INFO - Successfully saved slide 1: Demo-Folie 1...
2025-09-18 11:22:18 - DynamicMesseStand - INFO - Successfully saved slide 1: Demo-Folie 1...
2025-09-18 11:22:20 - DynamicMesseStand - INFO - Successfully saved slide 1: Demo-Folie 1...
2025-09-18 11:22:23 - DynamicMesseStand - INFO - Successfully saved slide 1: Demo-Folie 1...
2025-09-18 11:22:26 - DynamicMesseStand - INFO - Successfully saved slide 1: Demo-Folie 1...
2025-09-18 11:22:29 - DynamicMesseStand - INFO - Successfully saved slide 1: Demo-Folie 1...
2025-09-18 11:22:29 - DynamicMesseStand - INFO - Successfully saved slide 1: Demo-Folie 1...
2025-09-18 11:22:32 - DynamicMesseStand - INFO - Successfully saved slide 1: Demo-Folie 1...
2025-09-18 11:22:35 - DynamicMesseStand - INFO - Successfully saved slide 1: Demo-Folie 1...
2025-09-18 11:22:36 - DynamicMesseStand - INFO - 🧹 Cleanup wird durchgeführt...
2025-09-18 11:22:36 - DynamicMesseStand - INFO - 👋 Dynamic Messe Stand V4 beendet
